Arguments: 
  C:\Program Files\nodejs\node.exe C:\Users\Mohsin\AppData\Roaming\npm\node_modules\yarn\bin\yarn.js add react-native-image-picker@latest

PATH: 
  C:\Program Files\PHP\v7.0;C:\WINDOWS\system32\inetsrv;C:\Program Files (x86)\iis express\PHP\v5.6;C:\WINDOWS\system32\inetsrv;C:\Program Files (x86)\PHP\v5.5;C:\WINDOWS\system32\inetsrv;C:\WINDOWS\system32;C:\WINDOWS;C:\WINDOWS\System32\Wbem;C:\WINDOWS\System32\WindowsPowerShell\v1.0\;C:\Program Files\Microsoft\Web Platform Installer\;C:\Program Files\Microsoft SQL Server\120\DTS\Binn\;C:\Program Files\Microsoft SQL Server\Client SDK\ODBC\110\Tools\Binn\;C:\Program Files (x86)\Microsoft SQL Server\120\Tools\Binn\;C:\Program Files\Microsoft SQL Server\120\Tools\Binn\;C:\Program Files (x86)\Microsoft SQL Server\120\Tools\Binn\ManagementStudio\;C:\Program Files (x86)\Microsoft SQL Server\120\DTS\Binn\;C:\Program Files (x86)\Windows Kits\8.1\Windows Performance Toolkit\;C:\Program Files\Microsoft SQL Server\110\Tools\Binn\;C:\Program Files (x86)\Microsoft SQL Server\100\Tools\Binn\;C:\Program Files\Microsoft SQL Server\100\Tools\Binn\;C:\Program Files\Microsoft SQL Server\100\DTS\Binn\;C:;C:\Program Files\MySQL\MySQL Server 5.5\bin;C:\Program Files\Git\cmd;C:\Program Files\Microsoft VS Code\bin;C:\Program Files\nodejs\;C:\Users\Mohsin\AppData\Local\Microsoft\WindowsApps;C:\Program Files\Microsoft VS Code\bin;C:\Users\Mohsin\AppData\Local\GitHubDesktop\bin;C:\Users\Mohsin\AppData\Roaming\npm

Yarn version: 
  1.13.0

Node version: 
  11.8.0

Platform: 
  win32 x64

Trace: 
  Error: EPERM: operation not permitted, unlink 'C:\Users\Mohsin\Documents\GitHub\hireme\hireme\node_modules\@expo\ngrok-bin-win32-x64\ngrok.exe'

npm manifest: 
  {
    "main": "node_modules/expo/AppEntry.js",
    "scripts": {
      "start": "expo start",
      "android": "expo start --android",
      "ios": "expo start --ios",
      "eject": "expo eject",
      "test": "node ./node_modules/jest/bin/jest.js --watchAll"
    },
    "jest": {
      "preset": "jest-expo"
    },
    "dependencies": {
      "@expo/samples": "2.1.1",
      "expo": "^32.0.0",
      "expo-cli": "^2.11.6",
      "expokit": "^32.0.6",
      "firebase": "^5.8.3",
      "react": "16.5.0",
      "react-native": "https://github.com/expo/react-native/archive/sdk-32.0.0.tar.gz",
      "react-native-fbsdk": "^0.8.0",
      "react-native-image-crop-picker": "^0.23.0",
      "react-native-image-picker": "^0.28.0",
      "react-navigation": "^3.0.9",
      "yarn": "^1.13.0"
    },
    "devDependencies": {
      "babel-preset-expo": "^5.0.0",
      "jest-expo": "^32.0.0"
    },
    "private": true
  }

yarn manifest: 
  No manifest

Lockfile: 
  No lockfile
